#
# There is insufficient memory for the Java Runtime Environment to continue.
# Native memory allocation (malloc) failed to allocate 1048576 bytes for AllocateHeap
# Possible reasons:
#   The system is out of physical RAM or swap space
#   In 32 bit mode, the process size limit was hit
# Possible solutions:
#   Reduce memory load on the system
#   Increase physical memory or swap space
#   Check if swap backing store is full
#   Use 64 bit Java on a 64 bit OS
#   Decrease Java heap size (-Xmx/-Xms)
#   Decrease number of Java threads
#   Decrease Java thread stack sizes (-Xss)
#   Set larger code cache with -XX:ReservedCodeCacheSize=
# This output file may be truncated or incomplete.
#
#  Out of Memory Error (memory/allocation.inline.hpp:61), pid=3620, tid=0x0000000000001764
#
# JRE version:  (8.0_144-b01) (build )
# Java VM: Java HotSpot(TM) 64-Bit Server VM (25.144-b01 mixed mode windows-amd64 compressed oops)
# Failed to write core dump. Minidumps are not enabled by default on client versions of Windows
#

---------------  T H R E A D  ---------------

Current thread (0x0000000002501000):  JavaThread "Unknown thread" [_thread_in_vm, id=5988, stack(0x0000000002400000,0x0000000002500000)]

Stack: [0x0000000002400000,0x0000000002500000]
[error occurred during error reporting (printing stack bounds), id 0xc0000005]

Native frames: (J=compiled Java code, j=interpreted, Vv=VM code, C=native code)


---------------  P R O C E S S  ---------------

Java Threads: ( => current thread )

Other Threads:

=>0x0000000002501000 (exited) JavaThread "Unknown thread" [_thread_in_vm, id=5988, stack(0x0000000002400000,0x0000000002500000)]

VM state:not at safepoint (normal execution)

VM Mutex/Monitor currently owned by a thread: None

Heap:
 PSYoungGen      total 18944K, used 327K [0x00000000eb180000, 0x00000000ec680000, 0x0000000100000000)
  eden space 16384K, 2% used [0x00000000eb180000,0x00000000eb1d1ec8,0x00000000ec180000)
  from space 2560K, 0% used [0x00000000ec400000,0x00000000ec400000,0x00000000ec680000)
  to   space 2560K, 0% used [0x00000000ec180000,0x00000000ec180000,0x00000000ec400000)
 ParOldGen       total 44032K, used 0K [0x00000000c1400000, 0x00000000c3f00000, 0x00000000eb180000)
  object space 44032K, 0% used [0x00000000c1400000,0x00000000c1400000,0x00000000c3f00000)
 Metaspace       used 783K, capacity 1092K, committed 1152K, reserved 1060864K
  class space    used 75K, capacity 384K, committed 384K, reserved 1048576K

Card table byte_map: [0x00000000119c0000,0x0000000011bc0000] byte_map_base: 0x00000000113b6000

Marking Bits: (ParMarkBitMap*) 0x0000000053f1d850
 Begin Bits: [0x0000000011f10000, 0x0000000012ec0000)
 End Bits:   [0x0000000012ec0000, 0x0000000013e70000)

Polling page: 0x0000000000ab0000

CodeCache: size=245760Kb used=327Kb max_used=327Kb free=245432Kb
 bounds [0x0000000002600000, 0x0000000002870000, 0x0000000011600000]
 total_blobs=57 nmethods=0 adapters=38
 compilation: enabled

Compilation events (0 events):
No events

GC Heap History (0 events):
No events

Deoptimization events (0 events):
No events

Internal exceptions (0 events):
No events

Events (10 events):
Event: 0.184 loading class java/lang/Short
Event: 0.184 loading class java/lang/Short done
Event: 0.184 loading class java/lang/Integer
Event: 0.184 loading class java/lang/Integer done
Event: 0.184 loading class java/lang/Long
Event: 0.185 loading class java/lang/Long done
Event: 0.186 loading class java/lang/NullPointerException
Event: 0.186 loading class java/lang/NullPointerException done
Event: 0.186 loading class java/lang/ArithmeticException
Event: 0.187 loading class java/lang/ArithmeticException done


Dynamic libraries:
0x00007ff7131a0000 - 0x00007ff7131d7000 	C:\Program Files\Java\jdk1.8.0_144\bin\java.exe
0x00007ffcf0ea0000 - 0x00007ffcf10a7000 	C:\Windows\SYSTEM32\ntdll.dll
0x00007ffceff60000 - 0x00007ffcf001d000 	C:\Windows\System32\KERNEL32.DLL
0x00007ffcee570000 - 0x00007ffcee8e4000 	C:\Windows\System32\KERNELBASE.dll
0x00007ffcef660000 - 0x00007ffcef70c000 	C:\Windows\System32\ADVAPI32.dll
0x00007ffcf0af0000 - 0x00007ffcf0b93000 	C:\Windows\System32\msvcrt.dll
0x00007ffceed30000 - 0x00007ffceedcd000 	C:\Windows\System32\sechost.dll
0x00007ffcef9a0000 - 0x00007ffcefac1000 	C:\Windows\System32\RPCRT4.dll
0x00007ffcf0940000 - 0x00007ffcf0aec000 	C:\Windows\System32\USER32.dll
0x00007ffcee380000 - 0x00007ffcee3a6000 	C:\Windows\System32\win32u.dll
0x00007ffcefd80000 - 0x00007ffcefda9000 	C:\Windows\System32\GDI32.dll
0x00007ffceeba0000 - 0x00007ffceecb2000 	C:\Windows\System32\gdi32full.dll
0x00007ffcee3b0000 - 0x00007ffcee44d000 	C:\Windows\System32\msvcp_win.dll
0x00007ffcee450000 - 0x00007ffcee561000 	C:\Windows\System32\ucrtbase.dll
0x00007ffcde0e0000 - 0x00007ffcde385000 	C:\Windows\WinSxS\amd64_microsoft.windows.common-controls_6595b64144ccf1df_6.0.22000.120_none_9d947278b86cc467\COMCTL32.dll
0x00007ffcef5c0000 - 0x00007ffcef5f1000 	C:\Windows\System32\IMM32.DLL
0x0000000053620000 - 0x00000000536f2000 	C:\Program Files\Java\jdk1.8.0_144\jre\bin\msvcr100.dll
0x0000000053700000 - 0x0000000053f9d000 	C:\Program Files\Java\jdk1.8.0_144\jre\bin\server\jvm.dll
0x00007ffcef8a0000 - 0x00007ffcef8a8000 	C:\Windows\System32\PSAPI.DLL
0x00007ffcea9b0000 - 0x00007ffcea9b9000 	C:\Windows\SYSTEM32\WSOCK32.dll
0x00007ffcf0100000 - 0x00007ffcf016f000 	C:\Windows\System32\WS2_32.dll
0x00007ffce98e0000 - 0x00007ffce9913000 	C:\Windows\SYSTEM32\WINMM.dll
0x00007ffce3510000 - 0x00007ffce351a000 	C:\Windows\SYSTEM32\VERSION.dll
0x00000000535d0000 - 0x00000000535df000 	C:\Program Files\Java\jdk1.8.0_144\jre\bin\verify.dll
0x00000000535a0000 - 0x00000000535c9000 	C:\Program Files\Java\jdk1.8.0_144\jre\bin\java.dll
0x0000000053580000 - 0x0000000053596000 	C:\Program Files\Java\jdk1.8.0_144\jre\bin\zip.dll

VM Arguments:
jvm_args: -Dfile.encoding=UTF-8 
java_command: login_form.Login
java_class_path (initial): C:\Program Files\Java\jdk1.8.0_144\db\lib\derby.jar;C:\Program Files\Java\jdk1.8.0_144\db\lib\derbyclient.jar;C:\Program Files\Java\jdk1.8.0_144\db\lib\derbynet.jar;C:\Program Files (x86)\MySQL\Connector J 8.0\mysql-connector-java-8.0.27.jar;C:\Users\AAIE\Desktop\AAIE_Projects\My Projects\My Projects in Java\GUI Projects\Login_Form_for_employee\build\classes
Launcher Type: SUN_STANDARD

Environment Variables:
PATH=C:\Program Files (x86)\Common Files\Oracle\Java\javapath;C:\ProgramData\Oracle\Java\javapath;C:\Windows\system32;C:\Windows;C:\Windows\System32\Wbem;C:\Windows\System32\WindowsPowerShell\v1.0\;C:\Windows\System32\OpenSSH\;C:\ProgramData\chocolatey\bin;C:\Program Files\nodejs\;C:\Program Files\MySQL\MySQL Shell 8.0\bin\;C:\Users\AAIE\AppData\Local\Programs\Python\Python310\Scripts\;C:\Users\AAIE\AppData\Local\Programs\Python\Python310\;C:\Users\AAIE\AppData\Local\Microsoft\WindowsApps;C:\Users\AAIE\AppData\Roaming\npm
USERNAME=AAIE
OS=Windows_NT
PROCESSOR_IDENTIFIER=Intel64 Family 6 Model 76 Stepping 4, GenuineIntel



---------------  S Y S T E M  ---------------

OS: Windows 10.0 , 64 bit Build 22000 (10.0.22000.282)

CPU:total 2 (initial active 2) (2 cores per cpu, 1 threads per core) family 6 model 76 stepping 4, cmov, cx8, fxsr, mmx, sse, sse2, sse3, ssse3, sse4.1, sse4.2, popcnt, aes, clmul, erms, 3dnowpref, tsc, tscinvbit

Memory: 4k page, physical 4105456k(530768k free), swap 4105456k(5564k free)

vm_info: Java HotSpot(TM) 64-Bit Server VM (25.144-b01) for windows-amd64 JRE (1.8.0_144-b01), built on Jul 21 2017 21:57:33 by "java_re" with MS VC++ 10.0 (VS2010)

time: Fri Dec 31 07:27:22 2021
elapsed time: 0 seconds (0d 0h 0m 0s)

